# JRE version: OpenJDK Runtime Environment (17.0.6) (build 17.0.6+0-b2043.56-10027231)
# Java VM: OpenJDK 64-Bit Server VM (17.0.6+0-b2043.56-10027231, mixed mode, tiered, compressed oops, compressed class ptrs, g1 gc, windows-amd64)
GC Precious Log:
 CPUs: 4 total, 4 available
 Memory: 16268M
 Large Page Support: Disabled
 NUMA Support: Disabled
 Compressed Oops: Enabled (32-bit)
 Heap Region Size: 1M
 Heap Min Capacity: 8M
 Heap Initial Capacity: 256M
 Heap Max Capacity: 2G
 Pre-touch: Disabled
 Parallel Workers: 4
 Concurrent Workers: 1
 Concurrent Refinement Workers: 4
 Periodic GC: Disabled
Heap:
 garbage-first heap   total 401408K, used 274816K [0x0000000080000000, 0x0000000100000000)
  region size 1024K, 27 young (27648K), 11 survivors (11264K)
 Metaspace       used 168980K, committed 170176K, reserved 1204224K
  class space    used 21938K, committed 22528K, reserved 1048576K
GC Heap History (20 events):
Event: 56.343 GC heap before
{Heap before GC invocations=57 (full 0):
 garbage-first heap   total 352256K, used 293888K [0x0000000080000000, 0x0000000100000000)
  region size 1024K, 68 young (69632K), 5 survivors (5120K)
 Metaspace       used 147189K, committed 148032K, reserved 1179648K
  class space    used 19294K, committed 19712K, reserved 1048576K
}
Event: 56.349 GC heap after
{Heap after GC invocations=58 (full 0):
 garbage-first heap   total 352256K, used 230931K [0x0000000080000000, 0x0000000100000000)
  region size 1024K, 7 young (7168K), 7 survivors (7168K)
 Metaspace       used 147189K, committed 148032K, reserved 1179648K
  class space    used 19294K, committed 19712K, reserved 1048576K
}
Event: 58.330 GC heap before
{Heap before GC invocations=59 (full 0):
 garbage-first heap   total 382976K, used 283155K [0x0000000080000000, 0x0000000100000000)
  region size 1024K, 70 young (71680K), 7 survivors (7168K)
 Metaspace       used 147189K, committed 148032K, reserved 1179648K
  class space    used 19294K, committed 19712K, reserved 1048576K
}
Event: 58.340 GC heap after
{Heap after GC invocations=60 (full 0):
 garbage-first heap   total 382976K, used 220851K [0x0000000080000000, 0x0000000100000000)
  region size 1024K, 7 young (7168K), 7 survivors (7168K)
 Metaspace       used 147189K, committed 148032K, reserved 1179648K
  class space    used 19294K, committed 19712K, reserved 1048576K
}
Event: 58.489 GC heap before
{Heap before GC invocations=60 (full 0):
 garbage-first heap   total 382976K, used 232115K [0x0000000080000000, 0x0000000100000000)
  region size 1024K, 18 young (18432K), 7 survivors (7168K)
 Metaspace       used 147189K, committed 148032K, reserved 1179648K
  class space    used 19294K, committed 19712K, reserved 1048576K
}
Event: 58.496 GC heap after
{Heap after GC invocations=61 (full 0):
 garbage-first heap   total 382976K, used 216757K [0x0000000080000000, 0x0000000100000000)
  region size 1024K, 3 young (3072K), 3 survivors (3072K)
 Metaspace       used 147189K, committed 148032K, reserved 1179648K
  class space    used 19294K, committed 19712K, reserved 1048576K
}
Event: 60.057 GC heap before
{Heap before GC invocations=61 (full 0):
 garbage-first heap   total 382976K, used 317109K [0x0000000080000000, 0x0000000100000000)
  region size 1024K, 101 young (103424K), 3 survivors (3072K)
 Metaspace       used 147190K, committed 148032K, reserved 1179648K
  class space    used 19294K, committed 19712K, reserved 1048576K
}
Event: 60.065 GC heap after
{Heap after GC invocations=62 (full 0):
 garbage-first heap   total 382976K, used 219714K [0x0000000080000000, 0x0000000100000000)
  region size 1024K, 6 young (6144K), 6 survivors (6144K)
 Metaspace       used 147190K, committed 148032K, reserved 1179648K
  class space    used 19294K, committed 19712K, reserved 1048576K
}
Event: 61.082 GC heap before
{Heap before GC invocations=62 (full 0):
 garbage-first heap   total 382976K, used 264770K [0x0000000080000000, 0x0000000100000000)
  region size 1024K, 51 young (52224K), 6 survivors (6144K)
 Metaspace       used 147232K, committed 148096K, reserved 1179648K
  class space    used 19305K, committed 19712K, reserved 1048576K
}
Event: 61.093 GC heap after
{Heap after GC invocations=63 (full 0):
 garbage-first heap   total 382976K, used 221197K [0x0000000080000000, 0x0000000100000000)
  region size 1024K, 8 young (8192K), 8 survivors (8192K)
 Metaspace       used 147232K, committed 148096K, reserved 1179648K
  class space    used 19305K, committed 19712K, reserved 1048576K
}
Event: 65.494 GC heap before
{Heap before GC invocations=64 (full 0):
 garbage-first heap   total 401408K, used 335885K [0x0000000080000000, 0x0000000100000000)
  region size 1024K, 103 young (105472K), 8 survivors (8192K)
 Metaspace       used 158753K, committed 159680K, reserved 1187840K
  class space    used 20710K, committed 21120K, reserved 1048576K
}
Event: 65.518 GC heap after
{Heap after GC invocations=65 (full 0):
 garbage-first heap   total 401408K, used 232083K [0x0000000080000000, 0x0000000100000000)
  region size 1024K, 13 young (13312K), 13 survivors (13312K)
 Metaspace       used 158753K, committed 159680K, reserved 1187840K
  class space    used 20710K, committed 21120K, reserved 1048576K
}
Event: 65.804 GC heap before
{Heap before GC invocations=65 (full 0):
 garbage-first heap   total 401408K, used 238227K [0x0000000080000000, 0x0000000100000000)
  region size 1024K, 19 young (19456K), 13 survivors (13312K)
 Metaspace       used 159039K, committed 159936K, reserved 1187840K
  class space    used 20735K, committed 21120K, reserved 1048576K
}
Event: 65.826 GC heap after
{Heap after GC invocations=66 (full 0):
 garbage-first heap   total 401408K, used 231792K [0x0000000080000000, 0x0000000100000000)
  region size 1024K, 3 young (3072K), 3 survivors (3072K)
 Metaspace       used 159039K, committed 159936K, reserved 1187840K
  class space    used 20735K, committed 21120K, reserved 1048576K
}
Event: 68.334 GC heap before
{Heap before GC invocations=66 (full 0):
 garbage-first heap   total 401408K, used 330096K [0x0000000080000000, 0x0000000100000000)
  region size 1024K, 100 young (102400K), 3 survivors (3072K)
 Metaspace       used 161398K, committed 162304K, reserved 1196032K
  class space    used 20972K, committed 21376K, reserved 1048576K
}
Event: 68.351 GC heap after
{Heap after GC invocations=67 (full 0):
 garbage-first heap   total 401408K, used 239846K [0x0000000080000000, 0x0000000100000000)
  region size 1024K, 11 young (11264K), 11 survivors (11264K)
 Metaspace       used 161398K, committed 162304K, reserved 1196032K
  class space    used 20972K, committed 21376K, reserved 1048576K
}
Event: 106.194 GC heap before
{Heap before GC invocations=67 (full 0):
 garbage-first heap   total 401408K, used 333030K [0x0000000080000000, 0x0000000100000000)
  region size 1024K, 102 young (104448K), 11 survivors (11264K)
 Metaspace       used 166850K, committed 167936K, reserved 1196032K
  class space    used 21697K, committed 22208K, reserved 1048576K
}
Event: 106.218 GC heap after
{Heap after GC invocations=68 (full 0):
 garbage-first heap   total 401408K, used 248108K [0x0000000080000000, 0x0000000100000000)
  region size 1024K, 9 young (9216K), 9 survivors (9216K)
 Metaspace       used 166850K, committed 167936K, reserved 1196032K
  class space    used 21697K, committed 22208K, reserved 1048576K
}
Event: 109.023 GC heap before
{Heap before GC invocations=68 (full 0):
 garbage-first heap   total 401408K, used 336172K [0x0000000080000000, 0x0000000100000000)
  region size 1024K, 95 young (97280K), 9 survivors (9216K)
 Metaspace       used 168943K, committed 170112K, reserved 1204224K
  class space    used 21935K, committed 22528K, reserved 1048576K
}
Event: 109.048 GC heap after
{Heap after GC invocations=69 (full 0):
 garbage-first heap   total 401408K, used 259456K [0x0000000080000000, 0x0000000100000000)
  region size 1024K, 11 young (11264K), 11 survivors (11264K)
 Metaspace       used 168943K, committed 170112K, reserved 1204224K
  class space    used 21935K, committed 22528K, reserved 1048576K
}

